<?xml version="1.0" encoding="UTF-8"?>
<Site BuildName="(empty)"
	BuildStamp="20240527-1156-Experimental"
	Name="ubuntu"
	Generator="ctest-3.28.4"
	CompilerName="/usr/bin/aarch64-linux-gnu-g++-10"
	CompilerVersion="10.3.0"
	OSName="Linux"
	Hostname="ubuntu"
	OSRelease="4.9.337-tegra"
	OSVersion="#1 SMP PREEMPT Thu Jun 8 21:09:35 PDT 2023"
	OSPlatform="aarch64"
	Is64Bits="1"
	VendorString=""
	VendorID="Unknown Manufacturer"
	FamilyID="8"
	ModelID="0"
	ProcessorCacheSize="0"
	NumberOfLogicalCPU="6"
	NumberOfPhysicalCPU="1"
	TotalVirtualMemory="3929"
	TotalPhysicalMemory="7858"
	LogicalProcessorsPerPhysical="6"
	ProcessorClockFrequency="0"
	>
	<Testing>
		<StartDateTime>May 27 14:56 EEST</StartDateTime>
		<StartTestTime>1716811000</StartTestTime>
		<TestList/>
		<EndDateTime>May 27 14:56 EEST</EndDateTime>
		<EndTestTime>1716811000</EndTestTime>
		<ElapsedMinutes>0</ElapsedMinutes>
	</Testing>
</Site>
